Content-Type: multipart/alternative;
 boundary="===============3897715701069725590=="
MIME-Version: 1.0
Subject: =?utf-8?b?0J3QvtCy0L7QtSDQvdCwINGB0LDQudGC0LUgd2VibW9uc3RyLmNvbQ==?=
From: zdimon@pressa.ru
To: admin
Date: Mon, 14 Sep 2020 08:45:16 -0000
Message-ID: <160007311691.23474.1775475312346775867@book>

--===============3897715701069725590==
Content-Type: text/plain; charset="utf-8"
MIME-Version: 1.0
Content-Transfer-Encoding: 8bit

У нас появились новые уроки /n/n
                    Курс:  Основы PHP.  Урок: PHP. Собираем докер контейнеры. /n
                    http://localhost:7878/course/detail/php-course
            /n
                    Курс:  Основы Python и Django.  Урок: Django. Наборы форм. /n
                    http://localhost:7878/course/detail/python-course
             /n Также новй функционал!!!! /n Чтобы отписаться от рассылки http://localhost:7878/course/unsubscribe /n http://webmonstr.com
--===============3897715701069725590==
Content-Type: text/html; charset="utf-8"
MIME-Version: 1.0
Content-Transfer-Encoding: 8bit

<h1>У нас появились новые уроки</h1><br />
                <p>
                    Курс: <a target=_blank href="http://localhost:7878/course/detail/php-course"> Основы PHP. </a> Урок: <a target=_blank  href="http://localhost:7878/course/lesson/detail/php-course--22-docker"> PHP. Собираем докер контейнеры. </a>
                </p>
            <br />
                <p>
                    Курс: <a target=_blank href="http://localhost:7878/course/detail/python-course"> Основы Python и Django. </a> Урок: <a target=_blank  href="http://localhost:7878/course/lesson/detail/python-course--26-django-formset"> Django. Наборы форм. </a>
                </p>
            <br />Также новй функционал!!!!<br /><br /><br /><p><a target=_blank  href="http://localhost:7878/course/unsubscribe">Отписаться от рассылки</a></p>
--===============3897715701069725590==--

-------------------------------------------------------------------------------
